2025-12-31 19:25:54 - INFO - services.bencana_service - Membuat bencana baru id_bencana=88bbb0a3-9a84-409b-9d31-d9a1fb0962ac, status=aktif (2025-12-31 19:25:54.934107)
2025-12-31 19:25:54 - INFO - repositories.bencana_repository - Bencana ID 88bbb0a3-9a84-409b-9d31-d9a1fb0962ac berhasil ditambahkan (2025-12-31 19:25:54.934337)
2025-12-31 19:25:54 - INFO - services.posko_service - Membuat posko untuk bencana_id=88bbb0a3-9a84-409b-9d31-d9a1fb0962ac (2025-12-31 19:25:54.934512)
2025-12-31 19:25:54 - INFO - repositories.bencana_repository - Bencana ID 88bbb0a3-9a84-409b-9d31-d9a1fb0962ac berhasil diambil (2025-12-31 19:25:54.934587)
2025-12-31 19:25:54 - INFO - repositories.posko_repository - Posko ID 0ff626c6-01ba-4dee-9ad6-e906c6fdc904 berhasil ditambahkan (2025-12-31 19:25:54.934680)
2025-12-31 19:25:54 - INFO - services.posko_service - Posko id_posko=0ff626c6-01ba-4dee-9ad6-e906c6fdc904 berhasil dibuat (2025-12-31 19:25:54.934844)
2025-12-31 19:25:54 - INFO - services.tenaga_medis - Membuat tenaga medis baru (2025-12-31 19:25:54.935215)
2025-12-31 19:25:54 - INFO - repositories.posko_repository - Posko ID 0ff626c6-01ba-4dee-9ad6-e906c6fdc904 berhasil diambil (2025-12-31 19:25:54.935355)
2025-12-31 19:25:54 - INFO - repositories.orang_repository - Orang ID 6d759033-5bd7-4178-ab47-a643ba9d6df3 berhasil ditambahkan (2025-12-31 19:25:54.935488)
2025-12-31 19:25:54 - INFO - repositories.tenaga_medis_repository - TenagaMedis ID 6d759033-5bd7-4178-ab47-a643ba9d6df3 berhasil ditambahkan (2025-12-31 19:25:54.935611)
2025-12-31 19:25:54 - INFO - services.tenaga_medis - TenagaMedis id_orang=6d759033-5bd7-4178-ab47-a643ba9d6df3 berhasil dibuat (2025-12-31 19:25:54.935730)
2025-12-31 19:25:54 - INFO - services.korban_service - Membuat korban baru (2025-12-31 19:25:54.935985)
2025-12-31 19:25:54 - INFO - repositories.posko_repository - Posko ID 0ff626c6-01ba-4dee-9ad6-e906c6fdc904 berhasil diambil (2025-12-31 19:25:54.936112)
2025-12-31 19:25:54 - INFO - repositories.orang_repository - Orang ID e272e2b2-0c1a-4b64-8c5c-8302c6c585f7 berhasil ditambahkan (2025-12-31 19:25:54.936293)
2025-12-31 19:25:54 - INFO - repositories.korban_repository - Korban ID e272e2b2-0c1a-4b64-8c5c-8302c6c585f7 berhasil ditambahkan (2025-12-31 19:25:54.936414)
2025-12-31 19:25:54 - INFO - services.korban_service - Korban id_orang=e272e2b2-0c1a-4b64-8c5c-8302c6c585f7 berhasil dibuat (2025-12-31 19:25:54.936661)
2025-12-31 19:25:54 - INFO - services.obat_service - Membuat obat baru (2025-12-31 19:25:54.936935)
2025-12-31 19:25:54 - INFO - repositories.obat_repository - Obat ID 263080ff-5e76-4bbb-91ca-fcaa0312df6e berhasil ditambahkan (2025-12-31 19:25:54.937146)
2025-12-31 19:25:54 - INFO - services.obat_service - Obat id_obat=263080ff-5e76-4bbb-91ca-fcaa0312df6e berhasil dibuat (2025-12-31 19:25:54.937350)
2025-12-31 19:25:54 - INFO - services.obat_service - Membuat obat baru (2025-12-31 19:25:54.937507)
2025-12-31 19:27:49 - INFO - services.bencana_service - Membuat bencana baru id_bencana=b96cd354-f40f-438e-a300-313229d905b8, status=aktif (2025-12-31 19:27:49.462410)
2025-12-31 19:27:49 - INFO - repositories.bencana_repository - Bencana ID b96cd354-f40f-438e-a300-313229d905b8 berhasil ditambahkan (2025-12-31 19:27:49.462667)
2025-12-31 19:27:49 - INFO - services.posko_service - Membuat posko untuk bencana_id=b96cd354-f40f-438e-a300-313229d905b8 (2025-12-31 19:27:49.463012)
2025-12-31 19:27:49 - INFO - repositories.bencana_repository - Bencana ID b96cd354-f40f-438e-a300-313229d905b8 berhasil diambil (2025-12-31 19:27:49.463134)
2025-12-31 19:27:49 - INFO - repositories.posko_repository - Posko ID 3d1e11fb-df2f-47d4-9155-632bbf1df9dc berhasil ditambahkan (2025-12-31 19:27:49.463277)
2025-12-31 19:27:49 - INFO - services.posko_service - Posko id_posko=3d1e11fb-df2f-47d4-9155-632bbf1df9dc berhasil dibuat (2025-12-31 19:27:49.463392)
2025-12-31 19:27:49 - INFO - services.tenaga_medis - Membuat tenaga medis baru (2025-12-31 19:27:49.463675)
2025-12-31 19:27:49 - INFO - repositories.posko_repository - Posko ID 3d1e11fb-df2f-47d4-9155-632bbf1df9dc berhasil diambil (2025-12-31 19:27:49.463737)
2025-12-31 19:27:49 - INFO - repositories.orang_repository - Orang ID 734d4af6-ca56-4390-9040-8f5a8100ffa8 berhasil ditambahkan (2025-12-31 19:27:49.463835)
2025-12-31 19:27:49 - INFO - repositories.tenaga_medis_repository - TenagaMedis ID 734d4af6-ca56-4390-9040-8f5a8100ffa8 berhasil ditambahkan (2025-12-31 19:27:49.463901)
2025-12-31 19:27:49 - INFO - services.tenaga_medis - TenagaMedis id_orang=734d4af6-ca56-4390-9040-8f5a8100ffa8 berhasil dibuat (2025-12-31 19:27:49.463956)
2025-12-31 19:27:49 - INFO - services.korban_service - Membuat korban baru (2025-12-31 19:27:49.464165)
2025-12-31 19:27:49 - INFO - repositories.posko_repository - Posko ID 3d1e11fb-df2f-47d4-9155-632bbf1df9dc berhasil diambil (2025-12-31 19:27:49.464281)
2025-12-31 19:27:49 - INFO - repositories.orang_repository - Orang ID 1672d183-c169-40a9-b34d-d6f57190afb9 berhasil ditambahkan (2025-12-31 19:27:49.464388)
2025-12-31 19:27:49 - INFO - repositories.korban_repository - Korban ID 1672d183-c169-40a9-b34d-d6f57190afb9 berhasil ditambahkan (2025-12-31 19:27:49.464508)
2025-12-31 19:27:49 - INFO - services.korban_service - Korban id_orang=1672d183-c169-40a9-b34d-d6f57190afb9 berhasil dibuat (2025-12-31 19:27:49.464675)
2025-12-31 19:27:49 - INFO - services.obat_service - Membuat obat baru (2025-12-31 19:27:49.465089)
2025-12-31 19:27:49 - INFO - repositories.obat_repository - Obat ID cb762ae0-9a88-470f-922a-f65994d61c56 berhasil ditambahkan (2025-12-31 19:27:49.465239)
2025-12-31 19:27:49 - INFO - services.obat_service - Obat id_obat=cb762ae0-9a88-470f-922a-f65994d61c56 berhasil dibuat (2025-12-31 19:27:49.465359)
2025-12-31 19:27:49 - INFO - services.obat_service - Membuat obat baru (2025-12-31 19:27:49.465489)
2025-12-31 19:27:49 - INFO - repositories.obat_repository - Obat ID b1eea806-1863-434a-9b19-29465808c8c2 berhasil ditambahkan (2025-12-31 19:27:49.465623)
2025-12-31 19:27:49 - INFO - services.obat_service - Obat id_obat=b1eea806-1863-434a-9b19-29465808c8c2 berhasil dibuat (2025-12-31 19:27:49.465700)
2025-12-31 19:27:49 - INFO - services.pemeriksaan_service - Membuat pemeriksaan baru (2025-12-31 19:27:49.465847)
2025-12-31 19:27:49 - INFO - repositories.korban_repository - Korban ID 1672d183-c169-40a9-b34d-d6f57190afb9 berhasil diambil (2025-12-31 19:27:49.465917)
2025-12-31 19:27:49 - INFO - repositories.tenaga_medis_repository - TenagaMedis ID 734d4af6-ca56-4390-9040-8f5a8100ffa8 berhasil diambil (2025-12-31 19:27:49.466082)
2025-12-31 19:27:49 - INFO - repositories.pemeriksaan_repository - Pemeriksaan ID 4f839202-2665-483e-a220-65a68399559d berhasil ditambahkan (2025-12-31 19:27:49.466368)
2025-12-31 19:27:49 - INFO - repositories.korban_repository - Korban ID 1672d183-c169-40a9-b34d-d6f57190afb9 berhasil diperbarui (2025-12-31 19:27:49.466575)
2025-12-31 19:27:49 - INFO - repositories.orang_repository - Orang ID 1672d183-c169-40a9-b34d-d6f57190afb9 berhasil diperbarui (2025-12-31 19:27:49.466691)
2025-12-31 19:27:49 - INFO - services.pemeriksaan_service - Triase korban id_orang=1672d183-c169-40a9-b34d-d6f57190afb9 disinkron menjadi hijau (2025-12-31 19:27:49.466800)
2025-12-31 19:27:49 - INFO - services.pemeriksaan_service - Pemeriksaan id_pemeriksaan=4f839202-2665-483e-a220-65a68399559d berhasil dibuat (2025-12-31 19:27:49.466886)
2025-12-31 19:27:49 - INFO - services.korban_service - Mengambil korban id_orang=1672d183-c169-40a9-b34d-d6f57190afb9 (2025-12-31 19:27:49.466994)
2025-12-31 19:27:49 - INFO - repositories.korban_repository - Korban ID 1672d183-c169-40a9-b34d-d6f57190afb9 berhasil diambil (2025-12-31 19:27:49.467060)
2025-12-31 19:27:49 - INFO - services.resep_obat_service - Membuat resep obat baru (2025-12-31 19:27:49.467373)
2025-12-31 19:27:49 - INFO - repositories.pemeriksaan_repository - Pemeriksaan ID 4f839202-2665-483e-a220-65a68399559d berhasil diambil (2025-12-31 19:27:49.467492)
2025-12-31 19:27:49 - INFO - repositories.obat_repository - Obat ID cb762ae0-9a88-470f-922a-f65994d61c56 berhasil diambil (2025-12-31 19:27:49.467662)
2025-12-31 19:27:49 - INFO - repositories.obat_repository - Obat ID b1eea806-1863-434a-9b19-29465808c8c2 berhasil diambil (2025-12-31 19:27:49.467776)
2025-12-31 19:27:49 - INFO - repositories.obat_repository - Obat ID cb762ae0-9a88-470f-922a-f65994d61c56 berhasil diperbarui (2025-12-31 19:27:49.467923)
2025-12-31 19:27:49 - INFO - services.resep_obat_service - Stok obat id_obat=cb762ae0-9a88-470f-922a-f65994d61c56 dikurangi qty=10 (2025-12-31 19:27:49.467373)
2025-12-31 19:27:49 - INFO - repositories.obat_repository - Obat ID b1eea806-1863-434a-9b19-29465808c8c2 berhasil diperbarui (2025-12-31 19:27:49.468122)
2025-12-31 19:27:49 - INFO - services.resep_obat_service - Stok obat id_obat=b1eea806-1863-434a-9b19-29465808c8c2 dikurangi qty=1 (2025-12-31 19:27:49.467373)
2025-12-31 19:27:49 - INFO - repositories.resep_obat_repository - Resep ID 5096b850-49ba-46a6-9381-00c447ca2344 berhasil ditambahkan (2025-12-31 19:27:49.468302)
2025-12-31 19:27:49 - INFO - services.resep_obat_service - Resep id_resep=5096b850-49ba-46a6-9381-00c447ca2344 berhasil dibuat (2025-12-31 19:27:49.467373)
2025-12-31 19:27:49 - INFO - services.obat_service - Mengambil obat id_obat=cb762ae0-9a88-470f-922a-f65994d61c56 (2025-12-31 19:27:49.468665)
2025-12-31 19:27:49 - INFO - repositories.obat_repository - Obat ID cb762ae0-9a88-470f-922a-f65994d61c56 berhasil diambil (2025-12-31 19:27:49.468862)
2025-12-31 19:29:37 - INFO - services.bencana_service - Membuat bencana baru id_bencana=84360cc4-f845-4e0d-bab4-42704f78104f, status=aktif (2025-12-31 19:29:37.267373)
2025-12-31 19:29:37 - INFO - repositories.bencana_repository - Bencana ID 84360cc4-f845-4e0d-bab4-42704f78104f berhasil ditambahkan (2025-12-31 19:29:37.267700)
2025-12-31 19:29:37 - INFO - services.posko_service - Membuat posko untuk bencana_id=84360cc4-f845-4e0d-bab4-42704f78104f (2025-12-31 19:29:37.267855)
2025-12-31 19:29:37 - INFO - repositories.bencana_repository - Bencana ID 84360cc4-f845-4e0d-bab4-42704f78104f berhasil diambil (2025-12-31 19:29:37.267939)
2025-12-31 19:29:37 - INFO - repositories.posko_repository - Posko ID c56c38fc-f094-4379-a0a1-8e357af0c8a2 berhasil ditambahkan (2025-12-31 19:29:37.268028)
2025-12-31 19:29:37 - INFO - services.posko_service - Posko id_posko=c56c38fc-f094-4379-a0a1-8e357af0c8a2 berhasil dibuat (2025-12-31 19:29:37.268088)
2025-12-31 19:29:37 - INFO - services.tenaga_medis - Membuat tenaga medis baru (2025-12-31 19:29:37.268143)
2025-12-31 19:29:37 - INFO - repositories.posko_repository - Posko ID c56c38fc-f094-4379-a0a1-8e357af0c8a2 berhasil diambil (2025-12-31 19:29:37.268200)
2025-12-31 19:29:37 - INFO - repositories.orang_repository - Orang ID c3134def-6006-4611-a59b-7bbb8a77f3d4 berhasil ditambahkan (2025-12-31 19:29:37.268275)
2025-12-31 19:29:37 - INFO - repositories.tenaga_medis_repository - TenagaMedis ID c3134def-6006-4611-a59b-7bbb8a77f3d4 berhasil ditambahkan (2025-12-31 19:29:37.268331)
2025-12-31 19:29:37 - INFO - services.tenaga_medis - TenagaMedis id_orang=c3134def-6006-4611-a59b-7bbb8a77f3d4 berhasil dibuat (2025-12-31 19:29:37.268381)
2025-12-31 19:29:37 - INFO - services.korban_service - Membuat korban baru (2025-12-31 19:29:37.268432)
2025-12-31 19:29:37 - INFO - repositories.posko_repository - Posko ID c56c38fc-f094-4379-a0a1-8e357af0c8a2 berhasil diambil (2025-12-31 19:29:37.268484)
2025-12-31 19:29:37 - INFO - repositories.orang_repository - Orang ID b8b33947-c571-4120-9c50-360bf0c6e483 berhasil ditambahkan (2025-12-31 19:29:37.268553)
2025-12-31 19:29:37 - INFO - repositories.korban_repository - Korban ID b8b33947-c571-4120-9c50-360bf0c6e483 berhasil ditambahkan (2025-12-31 19:29:37.268603)
2025-12-31 19:29:37 - INFO - services.korban_service - Korban id_orang=b8b33947-c571-4120-9c50-360bf0c6e483 berhasil dibuat (2025-12-31 19:29:37.268652)
2025-12-31 19:29:37 - INFO - services.obat_service - Membuat obat baru (2025-12-31 19:29:37.268871)
2025-12-31 19:29:37 - INFO - repositories.obat_repository - Obat ID 004d423a-0b80-4bfb-849e-d50a528e7a1b berhasil ditambahkan (2025-12-31 19:29:37.269096)
2025-12-31 19:29:37 - INFO - services.obat_service - Obat id_obat=004d423a-0b80-4bfb-849e-d50a528e7a1b berhasil dibuat (2025-12-31 19:29:37.269280)
2025-12-31 19:29:37 - INFO - services.obat_service - Membuat obat baru (2025-12-31 19:29:37.269492)
2025-12-31 19:29:37 - INFO - repositories.obat_repository - Obat ID eb9e5529-5b0f-47ce-8d53-73449f23fd64 berhasil ditambahkan (2025-12-31 19:29:37.269673)
2025-12-31 19:29:37 - INFO - services.obat_service - Obat id_obat=eb9e5529-5b0f-47ce-8d53-73449f23fd64 berhasil dibuat (2025-12-31 19:29:37.269851)
2025-12-31 19:29:37 - INFO - services.pemeriksaan_service - Membuat pemeriksaan baru (2025-12-31 19:29:37.270034)
2025-12-31 19:29:37 - INFO - repositories.korban_repository - Korban ID b8b33947-c571-4120-9c50-360bf0c6e483 berhasil diambil (2025-12-31 19:29:37.270153)
2025-12-31 19:29:37 - INFO - repositories.tenaga_medis_repository - TenagaMedis ID c3134def-6006-4611-a59b-7bbb8a77f3d4 berhasil diambil (2025-12-31 19:29:37.270318)
2025-12-31 19:29:37 - INFO - repositories.pemeriksaan_repository - Pemeriksaan ID c540524f-d52c-4ded-8a05-d869e08967b7 berhasil ditambahkan (2025-12-31 19:29:37.270500)
2025-12-31 19:29:37 - INFO - repositories.korban_repository - Korban ID b8b33947-c571-4120-9c50-360bf0c6e483 berhasil diperbarui (2025-12-31 19:29:37.270686)
2025-12-31 19:29:37 - INFO - repositories.orang_repository - Orang ID b8b33947-c571-4120-9c50-360bf0c6e483 berhasil diperbarui (2025-12-31 19:29:37.270865)
2025-12-31 19:29:37 - INFO - services.pemeriksaan_service - Triase korban id_orang=b8b33947-c571-4120-9c50-360bf0c6e483 disinkron menjadi hijau (2025-12-31 19:29:37.270951)
2025-12-31 19:29:37 - INFO - services.pemeriksaan_service - Pemeriksaan id_pemeriksaan=c540524f-d52c-4ded-8a05-d869e08967b7 berhasil dibuat (2025-12-31 19:29:37.271024)
2025-12-31 19:29:37 - INFO - services.korban_service - Mengambil korban id_orang=b8b33947-c571-4120-9c50-360bf0c6e483 (2025-12-31 19:29:37.271085)
2025-12-31 19:29:37 - INFO - repositories.korban_repository - Korban ID b8b33947-c571-4120-9c50-360bf0c6e483 berhasil diambil (2025-12-31 19:29:37.271143)
2025-12-31 19:29:37 - INFO - services.resep_obat_service - Membuat resep obat baru (2025-12-31 19:29:37.271205)
2025-12-31 19:29:37 - INFO - repositories.pemeriksaan_repository - Pemeriksaan ID c540524f-d52c-4ded-8a05-d869e08967b7 berhasil diambil (2025-12-31 19:29:37.271267)
2025-12-31 19:29:37 - INFO - repositories.obat_repository - Obat ID 004d423a-0b80-4bfb-849e-d50a528e7a1b berhasil diambil (2025-12-31 19:29:37.271335)
2025-12-31 19:29:37 - INFO - repositories.obat_repository - Obat ID eb9e5529-5b0f-47ce-8d53-73449f23fd64 berhasil diambil (2025-12-31 19:29:37.271431)
2025-12-31 19:29:37 - INFO - repositories.obat_repository - Obat ID 004d423a-0b80-4bfb-849e-d50a528e7a1b berhasil diperbarui (2025-12-31 19:29:37.271524)
2025-12-31 19:29:37 - INFO - services.resep_obat_service - Stok obat id_obat=004d423a-0b80-4bfb-849e-d50a528e7a1b dikurangi qty=10 (2025-12-31 19:29:37.271205)
2025-12-31 19:29:37 - INFO - repositories.obat_repository - Obat ID eb9e5529-5b0f-47ce-8d53-73449f23fd64 berhasil diperbarui (2025-12-31 19:29:37.271712)
2025-12-31 19:29:37 - INFO - services.resep_obat_service - Stok obat id_obat=eb9e5529-5b0f-47ce-8d53-73449f23fd64 dikurangi qty=1 (2025-12-31 19:29:37.271205)
2025-12-31 19:29:37 - INFO - repositories.resep_obat_repository - Resep ID c8cb77c9-eab8-45ec-98ca-b4f515792a30 berhasil ditambahkan (2025-12-31 19:29:37.271872)
2025-12-31 19:29:37 - INFO - services.resep_obat_service - Resep id_resep=c8cb77c9-eab8-45ec-98ca-b4f515792a30 berhasil dibuat (2025-12-31 19:29:37.271205)
2025-12-31 19:29:37 - INFO - services.obat_service - Mengambil obat id_obat=004d423a-0b80-4bfb-849e-d50a528e7a1b (2025-12-31 19:29:37.272061)
2025-12-31 19:29:37 - INFO - repositories.obat_repository - Obat ID 004d423a-0b80-4bfb-849e-d50a528e7a1b berhasil diambil (2025-12-31 19:29:37.272281)
